Save database : Modification by user
Save repository element : BI 238 : Modification by user
Save database : Modification by user
Save repository element : BI 238 : Modification by user
Save database : Modification by user
Save repository element : CONSINCO 242 : Modification by user
Save database : Modification by user
Save repository element : CONSINCO 242 : Modification by user
Save database : Modification by user
Save repository element : PostgreSqlLocal 23ee5ad : Modification by user
Save database : Modification by user
Save repository element : PostgreSqlLocal 23ee5ad : Modification by user
Save database : Modification by user
Save repository element : DW PostgreSQL : Modification by user
Save database : Modification by user
Save repository element : DW PostgreSQL : Modification by user
Save database : Modification by user
Save repository element : DW PostgreSQL : Modification by user
Save database : Modification by user
Save repository element : DW PostgreSQL : Modification by user
Save database : Modification by user
Save repository element : DW PostgreSQL : Modification by user
Save database : Modification by user
Save repository element : DW PostgreSQL : Modification by user
Save database : Modification by user
Save repository element : DW PostgreSQL : Modification by user
Save database : Modification by user
Save repository element : DW PostgreSQL : Modification by user
Save repository element : alfresco : Creation of initial version
Save repository element : Sga : Creation of initial version
Save database : Modification by user
Save repository element : Sga : Modification by user
Save database : Modification by user
Save repository element : Sga : Modification by user
Save database : Modification by user
Save repository element : CONSINCO 2025 : Modification by user
Save database : Modification by user
Save repository element : CONSINCO 2025 : Modification by user
Save database : Modification by user
Save repository element : CONSINCO 2025 : Modification by user
Save database : Modification by user
Save repository element : CONSINCO 2025 : Modification by user
Save database : Modification by user
Save repository element : CONSINCO 2025 : Modification by user
Save database : Modification by user
Save repository element : CONSINCO 2025 : Modification by user
Save database : Modification by user
Save repository element : CONSINCO 2025 : Modification by user
Save database : Modification by user
Save repository element : CONSINCO : Modification by user
Save database : Modification by user
Save repository element : CONSINCO : Modification by user
Save database : Modification by user
Save repository element : CONSINCO 2025 : Modification by user
Save database : Modification by user
Save repository element : CONSINCO 2025 : Modification by user
Save database : Modification by user
Save repository element : CONSINCO : Modification by user
Save database : Modification by user
Save repository element : CONSINCO : Modification by user
Save database : Modification by user
Save repository element : CONSINCO 2025 : Modification by user
Save database : Modification by user
Save repository element : CONSINCO 2025 : Modification by user
Save database : Modification by user
Save repository element : CONSINCO 242 : Modification by user
Save database : Modification by user
Save repository element : CONSINCO 242 : Modification by user
Save database : Modification by user
Save repository element : CONSINCO : Modification by user
Save database : Modification by user
Save repository element : CONSINCO : Modification by user
Save database : Modification by user
Save repository element : CONSINCO 242 : Modification by user
Save database : Modification by user
Save repository element : CONSINCO 242 : Modification by user
Save database : Modification by user
Save repository element : CONSINCO 242 : Modification by user
Save database : Modification by user
Save repository element : CONSINCO 242 : Modification by user
Save database : Modification by user
Save repository element : Consinco : Modification by user
Save database : Modification by user
Save repository element : Consinco : Modification by user
Save database : Modification by user
Save repository element : Consinco : Modification by user
Save database : Modification by user
Save repository element : Consinco : Modification by user
Save database : Modification by user
Save repository element : Consinco : Modification by user
Save database : Modification by user
Save repository element : Consinco : Modification by user
Save database : Modification by user
Save repository element : CONSINCO 2025 : Modification by user
Save database : Modification by user
Save repository element : CONSINCO 2025 : Modification by user
Save database : Modification by user
Save repository element : CONSINCO 242 : Modification by user
Save database : Modification by user
Save repository element : CONSINCO 242 : Modification by user
Save database : Modification by user
Save repository element : Consinco : Modification by user
Save database : Modification by user
Save repository element : Consinco : Modification by user
Save database : Modification by user
Save repository element : CONSINCO 2025 : Modification by user
Save database : Modification by user
Save repository element : CONSINCO 2025 : Modification by user
Save database : Modification by user
Save repository element : CONSINCO 242 : Modification by user
Save database : Modification by user
Save repository element : CONSINCO 242 : Modification by user
Save database : Modification by user
Save repository element : CONSINCO : Modification by user
Save database : Modification by user
Save repository element : CONSINCO : Modification by user
Save database : Modification by user
Save repository element : CONSINCO 2025 : Modification by user
Save database : Modification by user
Save repository element : CONSINCO 2025 : Modification by user
Save database : Modification by user
Save repository element : CONSINCO 242 : Modification by user
Save database : Modification by user
Save repository element : CONSINCO 242 : Modification by user
Save database : Modification by user
Save repository element : BI 238 Intranet : Modification by user
Save database : Modification by user
Save repository element : CONSINCO : Modification by user
Save database : Modification by user
Save repository element : CONSINCO : Modification by user
Save database : Modification by user
Save repository element : CONSINCO : Modification by user
Save database : Modification by user
Save repository element : CONSINCO : Modification by user
Save database : Modification by user
Save repository element : CONSINCO : Modification by user
Save database : Modification by user
Save repository element : CONSINCO : Modification by user
Save database : Modification by user
Save repository element : CONSINCO 242 : Modification by user
Save database : Modification by user
Save repository element : CONSINCO 242 : Modification by user
Save database : Modification by user
Save repository element : GLPI : Modification by user
Save database : Modification by user
Save repository element : GLPI : Modification by user
Save database : Modification by user
Save repository element : Sga : Modification by user
Save database : Modification by user
Save repository element : Sga : Modification by user
Save database : Modification by user
Save repository element : BI 238 : Modification by user
Save database : Modification by user
Save repository element : BI 238 : Modification by user
Save database : Modification by user
Save repository element : CONSINCO MONITOR 2025 : Modification by user
Save database : Modification by user
Save repository element : CONSINCO MONITOR 2025 : Modification by user
Save database : Modification by user
Save repository element : CONSINCO MONITOR 2025 : Modification by user
Save database : Modification by user
Save repository element : CONSINCO : Modification by user
Save database : Modification by user
Save repository element : alfresco : Modification by user
Save database : Modification by user
Save repository element : alfresco : Modification by user
Save database : Modification by user
Save repository element : Sga : Modification by user
Save database : Modification by user
Save repository element : Sga : Modification by user
Save database : Modification by user
Save repository element : 207 : Modification by user
Save database : Modification by user
Save repository element : 207 : Modification by user
